{
  "RSpec": {
    "coverage": {
      "/mnt/c/Users/Ashwini/Documents/learning/student_mangagement/app/controllers/api/v1/base_controller.rb": {
        "lines": [
          1,
          1,
          1,
          1,
          null,
          1,
          1,
          0,
          null,
          null,
          null,
          null,
          null,
          null
        ]
      },
      "/mnt/c/Users/Ashwini/Documents/learning/student_mangagement/app/controllers/api/v1/sessions_controller.rb": {
        "lines": [
          1,
          1,
          1,
          1,
          1,
          null,
          null,
          null
        ]
      },
      "/mnt/c/Users/Ashwini/Documents/learning/student_mangagement/app/controllers/api/v1/students_controller.rb": {
        "lines": [
          1,
          1,
          1,
          1,
          1,
          null,
          1,
          4,
          null,
          null,
          null,
          null,
          4,
          null,
          4,
          4,
          null,
          8,
          null,
          null,
          1,
          1,
          null,
          null,
          1,
          2,
          null,
          2,
          1,
          null,
          null,
          1,
          null,
          null,
          null,
          null,
          null,
          1,
          1,
          1,
          null,
          0,
          null,
          null,
          null,
          null,
          null,
          1,
          1,
          1,
          null,
          null,
          1,
          null,
          1,
          3,
          null,
          null,
          1,
          3,
          null,
          null,
          null,
          null,
          null,
          null,
          null,
          null,
          null,
          null,
          1,
          null,
          7,
          null,
          null,
          null,
          null,
          null,
          null,
          null,
          null,
          null,
          null,
          null,
          null,
          null
        ]
      },
      "/mnt/c/Users/Ashwini/Documents/learning/student_mangagement/app/controllers/api/v1/teachers_controller.rb": {
        "lines": [
          1,
          1,
          1,
          1,
          null,
          1,
          2,
          null,
          2,
          null,
          2,
          null,
          2,
          null,
          null,
          null,
          null,
          null,
          null,
          1,
          1,
          null,
          null,
          1,
          2,
          2,
          null,
          2,
          1,
          null,
          1,
          null,
          null,
          null,
          null,
          null,
          1,
          1,
          1,
          null,
          0,
          null,
          null,
          null,
          null,
          null,
          1,
          1,
          1,
          null,
          null,
          1,
          null,
          1,
          3,
          null,
          null,
          1,
          3,
          null,
          null,
          1,
          3,
          null,
          null,
          null,
          null,
          null,
          0,
          null,
          null,
          null,
          null,
          null,
          null,
          null,
          null
        ]
      },
      "/mnt/c/Users/Ashwini/Documents/learning/student_mangagement/app/controllers/application_controller.rb": {
        "lines": [
          1,
          1,
          null,
          null,
          1,
          null,
          null,
          1,
          1,
          null,
          1,
          0,
          null,
          null
        ]
      },
      "/mnt/c/Users/Ashwini/Documents/learning/student_mangagement/app/controllers/dashboard_controller.rb": {
        "lines": [
          1,
          1,
          2,
          1,
          1,
          1,
          null,
          null,
          1,
          null,
          1,
          null,
          1,
          null,
          null,
          null
        ]
      },
      "/mnt/c/Users/Ashwini/Documents/learning/student_mangagement/app/controllers/students_controller.rb": {
        "lines": [
          null,
          1,
          1,
          null,
          1,
          null,
          1,
          1,
          null,
          0,
          null,
          null,
          1,
          1,
          1,
          1,
          1,
          null,
          null,
          null,
          null,
          1,
          null,
          null,
          1,
          1,
          null,
          null,
          null,
          1,
          2,
          2,
          null,
          null,
          null,
          2,
          1,
          null,
          1,
          1,
          1,
          1,
          1,
          2,
          null,
          null,
          1,
          1,
          1,
          null,
          null,
          null,
          1,
          null,
          null,
          1,
          1,
          1,
          1,
          null,
          1,
          1,
          1,
          2,
          null,
          null,
          0,
          null,
          null,
          null,
          1,
          1,
          1,
          1,
          1,
          2,
          null,
          null,
          1,
          0,
          0,
          null,
          null,
          null,
          1,
          0,
          0,
          null,
          null,
          null,
          1,
          1,
          null,
          1,
          null,
          null,
          null,
          1,
          1,
          1,
          null,
          0,
          null,
          null,
          1,
          null,
          1,
          null,
          null,
          null,
          null,
          1,
          null,
          1,
          null,
          5,
          5,
          null,
          0,
          null,
          null,
          null,
          1,
          6,
          6,
          null,
          6,
          null,
          null
        ]
      },
      "/mnt/c/Users/Ashwini/Documents/learning/student_mangagement/app/controllers/users_controller.rb": {
        "lines": [
          null,
          1,
          1,
          1,
          null,
          1,
          null,
          2,
          null,
          1,
          null,
          0,
          null,
          1,
          null,
          null,
          null,
          1,
          null,
          1,
          3,
          null,
          null
        ]
      },
      "/mnt/c/Users/Ashwini/Documents/learning/student_mangagement/app/helpers/application_helper.rb": {
        "lines": [
          1,
          null
        ]
      },
      "/mnt/c/Users/Ashwini/Documents/learning/student_mangagement/app/helpers/dashboard_helper.rb": {
        "lines": [
          1,
          null
        ]
      },
      "/mnt/c/Users/Ashwini/Documents/learning/student_mangagement/app/helpers/students_helper.rb": {
        "lines": [
          1,
          null
        ]
      },
      "/mnt/c/Users/Ashwini/Documents/learning/student_mangagement/app/helpers/teachers_helper.rb": {
        "lines": [
          1,
          null
        ]
      },
      "/mnt/c/Users/Ashwini/Documents/learning/student_mangagement/app/helpers/users_helper.rb": {
        "lines": [
          1,
          null
        ]
      },
      "/mnt/c/Users/Ashwini/Documents/learning/student_mangagement/app/jobs/application_job.rb": {
        "lines": [
          0,
          null,
          null,
          null,
          null,
          null,
          null
        ],
        "branches": {},
        "methods": {}
      },
      "/mnt/c/Users/Ashwini/Documents/learning/student_mangagement/app/jobs/report_card_generation_job.rb": {
        "lines": [
          1,
          1,
          null,
          1,
          4,
          null,
          3,
          null,
          3,
          null,
          null,
          null,
          null,
          null,
          null,
          3,
          null
        ]
      },
      "/mnt/c/Users/Ashwini/Documents/learning/student_mangagement/app/jobs/send_all_report_cards_job.rb": {
        "lines": [
          1,
          1,
          null,
          1,
          2,
          2,
          4,
          null,
          null
        ]
      },
      "/mnt/c/Users/Ashwini/Documents/learning/student_mangagement/app/mailers/application_mailer.rb": {
        "lines": [
          1,
          1,
          1,
          null
        ]
      },
      "/mnt/c/Users/Ashwini/Documents/learning/student_mangagement/app/mailers/student_mailer.rb": {
        "lines": [
          null,
          1,
          1,
          null,
          1,
          3,
          3,
          null,
          3,
          null,
          null,
          null,
          null,
          null,
          1,
          3,
          3,
          null,
          3,
          null,
          null,
          null,
          null,
          null,
          null,
          1,
          3,
          null,
          3,
          null,
          null,
          null,
          null,
          null,
          1,
          3,
          null,
          3,
          3,
          0,
          0,
          null,
          null,
          3,
          null,
          null,
          null,
          null,
          null
        ]
      },
      "/mnt/c/Users/Ashwini/Documents/learning/student_mangagement/app/mailers/teacher_mailer.rb": {
        "lines": [
          1,
          1,
          null,
          1,
          3,
          3,
          null,
          3,
          null,
          null,
          null,
          null,
          1,
          3,
          3,
          null,
          3,
          null,
          null,
          null,
          null,
          null,
          1,
          null,
          1,
          6,
          6,
          null,
          null
        ]
      },
      "/mnt/c/Users/Ashwini/Documents/learning/student_mangagement/app/models/application_record.rb": {
        "lines": [
          1,
          1,
          null
        ]
      },
      "/mnt/c/Users/Ashwini/Documents/learning/student_mangagement/app/models/student.rb": {
        "lines": [
          1,
          1,
          1,
          1,
          1,
          1,
          100,
          1,
          1,
          3,
          null,
          null,
          null,
          null,
          null,
          1,
          3,
          null,
          null,
          1,
          4,
          null,
          2,
          null,
          1,
          null,
          0,
          null,
          0,
          null,
          1,
          null,
          0,
          null,
          null,
          null,
          1,
          1,
          1,
          1,
          1,
          1,
          1,
          1,
          null,
          1,
          108,
          4,
          0,
          null,
          4,
          0,
          null,
          null,
          null,
          null,
          1,
          80,
          null,
          null,
          1,
          80,
          80,
          null,
          null,
          1,
          0,
          null,
          null,
          1,
          108,
          2,
          2,
          0,
          null,
          2,
          0,
          null,
          null,
          null,
          null,
          1,
          null,
          1,
          8,
          2,
          null,
          1,
          null,
          null,
          null,
          null,
          null,
          1,
          14,
          13,
          9,
          4,
          1,
          3,
          1,
          2,
          1,
          null,
          1,
          null,
          null,
          null
        ]
      },
      "/mnt/c/Users/Ashwini/Documents/learning/student_mangagement/app/models/user.rb": {
        "lines": [
          1,
          16,
          1,
          2,
          null,
          null,
          null,
          null,
          1,
          null,
          null,
          null,
          null,
          null,
          null,
          null,
          1,
          1,
          1,
          null,
          1,
          34,
          null,
          null,
          1,
          2,
          null,
          null,
          1,
          7,
          null,
          null
        ]
      },
      "/mnt/c/Users/Ashwini/Documents/learning/student_mangagement/app/services/profile_photo_service.rb": {
        "lines": [
          1,
          1,
          5,
          null,
          2,
          null,
          2,
          null,
          null,
          1,
          2,
          null,
          null
        ]
      },
      "/mnt/c/Users/Ashwini/Documents/learning/student_mangagement/app/services/report_card_service.rb": {
        "lines": [
          1,
          1,
          1,
          null,
          1,
          1,
          null,
          1,
          1,
          1,
          null,
          1,
          1,
          1,
          1,
          1,
          null,
          null,
          null
        ]
      },
      "/mnt/c/Users/Ashwini/Documents/learning/student_mangagement/app/services/student_document_service.rb": {
        "lines": [
          1,
          1,
          3,
          null,
          1,
          null,
          1,
          1,
          null,
          null,
          null,
          1,
          1,
          1,
          null
        ]
      },
      "/mnt/c/Users/Ashwini/Documents/learning/student_mangagement/app/services/student_registration_service.rb": {
        "lines": [
          1,
          1,
          4,
          4,
          null,
          4,
          null,
          4,
          2,
          2,
          null,
          2,
          null,
          null,
          null,
          null,
          2,
          null,
          null,
          null,
          null,
          null,
          null
        ]
      }
    },
    "timestamp": 1784035968
  }
}
